<?xml version="1.0" encoding="UTF-8"?>
<testsuite xmlns:xsi="http://www.w3.org/2001/XMLSchema-instance" xsi:noNamespaceSchemaLocation="https://maven.apache.org/surefire/maven-surefire-plugin/xsd/surefire-test-report.xsd" name="test.RunnerTest" time="1.184" tests="19" errors="0" skipped="0" failures="0">
  <properties>
[...]
</properties>
  <testcase name="test_conversionOfCurrency_forAllAmountOfNonUsdCurrencyInWallet_toAnotherNonUsdCurrencyInWallet_totalCurrencyReducedByOne" classname="test.RunnerTest" time="1.129"/>
  <testcase name="test_conversionOfCurrency_forSomeAmountOfNonUsdCurrencyInWallet_toAnotherNonUsdCurrencyInWallet_totalCurrencyRemainsTheSame" classname="test.RunnerTest" time="0.004"/>
  <testcase name="test_userHasNoCurrencyExceptionNotThrown_whenUserHasCurrency" classname="test.RunnerTest" time="0.002"/>
  <testcase name="test_conversionOfCurrency_forSomeAmountOfNonUsdCurrencyInWallet_toUsdCurrencyInWallet_totalCurrencyRemainsTheSame" classname="test.RunnerTest" time="0.005"/>
  <testcase name="test_conversionOfCurrency_forAllAmountOfUsdCurrencyInWallet_toAnotherNonUsdCurrencyInWallet_totalCurrencyReducedByOne" classname="test.RunnerTest" time="0.004"/>
  <testcase name="test_insufficientAmountExceptionThrown_forInsufficientAmountForConversion" classname="test.RunnerTest" time="0.001"/>
  <testcase name="test_userHasNoCurrencyExceptionThrown_whenUserDoesNotHaveCurrency" classname="test.RunnerTest" time="0.001"/>
  <testcase name="test_conversionOfCurrency_forSomeAmountOfUsdInWallet_toNonUsdCurrencyInWallet_totalCurrencyRemainsTheSame" classname="test.RunnerTest" time="0.004"/>
  <testcase name="test_sameCurrencyExceptionNotThrown_forDifferentCurrencies" classname="test.RunnerTest" time="0.001"/>
  <testcase name="test_conversionOfCurrency_forSomeAmountOfUsdCurrencyInWallet_toNonUsdCurrencyNotInWallet_totalCurrencyIncreasedByOne" classname="test.RunnerTest" time="0.005"/>
  <testcase name="test_userNotFoundExceptionNotThrown_forExistingUser" classname="test.RunnerTest" time="0.002"/>
  <testcase name="test_conversionOfCurrency_forSomeAmountOfNonUsdCurrencyInWallet_toNonUsdCurrencyNotInWallet_totalCurrencyIncreasedByOne" classname="test.RunnerTest" time="0.005"/>
  <testcase name="test_userNotFoundExceptionThrown_forNonExistentUser" classname="test.RunnerTest" time="0.001"/>
  <testcase name="test_invalidAmountExceptionThrown_forInvalidAmount" classname="test.RunnerTest" time="0"/>
  <testcase name="test_invalidCurrencyExceptionNotThrown_forExistentCurrency" classname="test.RunnerTest" time="0.001"/>
  <testcase name="test_insufficientAmountExceptionNotThrown_forSufficientAmountForConversion" classname="test.RunnerTest" time="0.002"/>
  <testcase name="test_sameCurrencyExceptionThrown_forSameCurrencies" classname="test.RunnerTest" time="0.001"/>
  <testcase name="test_invalidCurrencyExceptionThrown_forNonExistentCurrency" classname="test.RunnerTest" time="0.001"/>
  <testcase name="test_conversionOfCurrency_forAllAmountOfNonUsdCurrencyInWallet_toUsdCurrencyInWallet_totalCurrencyReducedByOne" classname="test.RunnerTest" time="0.004"/>
</testsuite>