<?xml version="1.0" encoding="UTF-8"?>
<testsuite xmlns:xsi="http://www.w3.org/2001/XMLSchema-instance" xsi:noNamespaceSchemaLocation="https://maven.apache.org/surefire/maven-surefire-plugin/xsd/surefire-test-report.xsd" name="test.CurrencyTest" time="0.031" tests="33" errors="0" skipped="0" failures="0">
  <properties>
[...]
</properties>
  <testcase name="test_nameSetCorrectly_afterInsertingCurrency" classname="test.CurrencyTest" time="0"/>
  <testcase name="test_incorrectRateNotReturned_afterInsertingCurrency" classname="test.CurrencyTest" time="0.001"/>
  <testcase name="test_nameNotSetIncorrectly_afterInsertingCurrency" classname="test.CurrencyTest" time="0"/>
  <testcase name="test_currenciesMapSizeIsCorrectSingleValue_afterInsertingOneCurrency" classname="test.CurrencyTest" time="0"/>
  <testcase name="test_correctNameReturned_afterInsertingCurrency" classname="test.CurrencyTest" time="0.001"/>
  <testcase name="test_currenciesMapIsZero_whencurrenciesMapIsEmpty" classname="test.CurrencyTest" time="0.001"/>
  <testcase name="test_correctRateReturned_afterInsertingCurrency" classname="test.CurrencyTest" time="0"/>
  <testcase name="test_incorrectAcronymNotReturned_afterInsertingCurrency" classname="test.CurrencyTest" time="0"/>
  <testcase name="test_incorrectNameNotReturned_afterInsertingCurrency" classname="test.CurrencyTest" time="0"/>
  <testcase name="test_acronymSetCorrectly_afterInsertingCurrency" classname="test.CurrencyTest" time="0.001"/>
  <testcase name="test_alphaCodeSetCorrectly_afterInsertingCurrency" classname="test.CurrencyTest" time="0.001"/>
  <testcase name="test_incorrectInverseRateNotReturned_afterInsertingCurrency" classname="test.CurrencyTest" time="0.001"/>
  <testcase name="test_currenciesMapDoesNotReturnFalse_afterInsertingCurrency" classname="test.CurrencyTest" time="0.001"/>
  <testcase name="test_correctDateReturned_afterInsertingCurrency" classname="test.CurrencyTest" time="0"/>
  <testcase name="test_correcAlphaCodeReturned_afterInsertingCurrency" classname="test.CurrencyTest" time="0"/>
  <testcase name="test_currenciesMapReturnsTrue_afterInsertingCurrency" classname="test.CurrencyTest" time="0.001"/>
  <testcase name="test_correctInverseRateReturned_afterInsertingCurrency" classname="test.CurrencyTest" time="0"/>
  <testcase name="test_correctCodeReturned_afterInsertingCurrency" classname="test.CurrencyTest" time="0"/>
  <testcase name="test_dateNotSetIncorrectly_afterInsertingCurrency" classname="test.CurrencyTest" time="0.001"/>
  <testcase name="test_dateSetCorrectly_afterInsertingCurrency" classname="test.CurrencyTest" time="0.001"/>
  <testcase name="test_currencyListIsNotANonZeroValue_whenCurrenciesMapIsEmpty" classname="test.CurrencyTest" time="0.001"/>
  <testcase name="test_numericCodeNotSetIncorrectly_afterInsertingCurrency" classname="test.CurrencyTest" time="0"/>
  <testcase name="test_currenciesMapSizeIsCorrectMultipleValue_afterInsertingFourCurrencies" classname="test.CurrencyTest" time="0.001"/>
  <testcase name="test_numericCodeSetCorrectly_afterInsertingCurrency" classname="test.CurrencyTest" time="0.001"/>
  <testcase name="test_incorrecNumericCodeNotReturned_afterInsertingCurrency" classname="test.CurrencyTest" time="0"/>
  <testcase name="test_acronymNotSetIncorrectly_afterInsertingCurrency" classname="test.CurrencyTest" time="0"/>
  <testcase name="test_alphaCodeNotSetIncorrectly_afterInsertingCurrency" classname="test.CurrencyTest" time="0.001"/>
  <testcase name="test_incorrecAlphaCodeNotReturned_afterInsertingCurrency" classname="test.CurrencyTest" time="0.001"/>
  <testcase name="test_inCorrectCodeNotReturned_afterInsertingCurrency" classname="test.CurrencyTest" time="0"/>
  <testcase name="test_correcNumericCodeReturned_afterInsertingCurrency" classname="test.CurrencyTest" time="0"/>
  <testcase name="test_correctAcronymReturned_afterInsertingCurrency" classname="test.CurrencyTest" time="0.001"/>
  <testcase name="test_codeSetCorrectly_afterInsertingCurrency" classname="test.CurrencyTest" time="0.001"/>
  <testcase name="test_codeNotSetIncorrectly_afterInsertingCurrency" classname="test.CurrencyTest" time="0.001"/>
</testsuite>